{"C:\\Users\\tunca\\Desktop\\ditenfronted\\hyper\\src\\pages\\apps\\TaskManagement\\BusinessProcess.js": {"path":"C:\\Users\\tunca\\Desktop\\ditenfronted\\hyper\\src\\pages\\apps\\TaskManagement\\BusinessProcess.js","statementMap":{"0":{"start":{"line":6,"column":24},"end":{"line":112,"column":1}},"1":{"start":{"line":7,"column":48},"end":{"line":11,"column":6}},"2":{"start":{"line":12,"column":60},"end":{"line":16,"column":6}},"3":{"start":{"line":17,"column":58},"end":{"line":17,"column":70}},"4":{"start":{"line":18,"column":25},"end":{"line":20,"column":5}},"5":{"start":{"line":19,"column":8},"end":{"line":19,"column":47}},"6":{"start":{"line":21,"column":27},"end":{"line":21,"column":59}},"7":{"start":{"line":22,"column":25},"end":{"line":48,"column":5}},"8":{"start":{"line":23,"column":8},"end":{"line":23,"column":27}},"9":{"start":{"line":24,"column":8},"end":{"line":47,"column":9}},"10":{"start":{"line":25,"column":12},"end":{"line":44,"column":17}},"11":{"start":{"line":26,"column":16},"end":{"line":43,"column":17}},"12":{"start":{"line":27,"column":41},"end":{"line":33,"column":21}},"13":{"start":{"line":34,"column":20},"end":{"line":38,"column":22}},"14":{"start":{"line":39,"column":20},"end":{"line":39,"column":47}},"15":{"start":{"line":40,"column":20},"end":{"line":40,"column":38}},"16":{"start":{"line":42,"column":20},"end":{"line":42,"column":39}},"17":{"start":{"line":46,"column":12},"end":{"line":46,"column":30}},"18":{"start":{"line":49,"column":27},"end":{"line":51,"column":5}},"19":{"start":{"line":50,"column":8},"end":{"line":50,"column":29}},"20":{"start":{"line":52,"column":33},"end":{"line":54,"column":5}},"21":{"start":{"line":53,"column":8},"end":{"line":53,"column":35}},"22":{"start":{"line":56,"column":4},"end":{"line":111,"column":6}},"23":{"start":{"line":68,"column":70},"end":{"line":72,"column":25}},"24":{"start":{"line":84,"column":70},"end":{"line":88,"column":25}},"25":{"start":{"line":103,"column":56},"end":{"line":103,"column":73}}},"fnMap":{"0":{"name":"(anonymous_0)","decl":{"start":{"line":6,"column":24},"end":{"line":6,"column":25}},"loc":{"start":{"line":6,"column":61},"end":{"line":112,"column":1}},"line":6},"1":{"name":"(anonymous_1)","decl":{"start":{"line":18,"column":25},"end":{"line":18,"column":26}},"loc":{"start":{"line":18,"column":32},"end":{"line":20,"column":5}},"line":18},"2":{"name":"(anonymous_2)","decl":{"start":{"line":22,"column":25},"end":{"line":22,"column":26}},"loc":{"start":{"line":22,"column":32},"end":{"line":48,"column":5}},"line":22},"3":{"name":"(anonymous_3)","decl":{"start":{"line":25,"column":13},"end":{"line":25,"column":14}},"loc":{"start":{"line":25,"column":25},"end":{"line":44,"column":13}},"line":25},"4":{"name":"(anonymous_4)","decl":{"start":{"line":49,"column":27},"end":{"line":49,"column":28}},"loc":{"start":{"line":49,"column":34},"end":{"line":51,"column":5}},"line":49},"5":{"name":"(anonymous_5)","decl":{"start":{"line":52,"column":33},"end":{"line":52,"column":34}},"loc":{"start":{"line":52,"column":40},"end":{"line":54,"column":5}},"line":52},"6":{"name":"(anonymous_6)","decl":{"start":{"line":68,"column":57},"end":{"line":68,"column":58}},"loc":{"start":{"line":68,"column":70},"end":{"line":72,"column":25}},"line":68},"7":{"name":"(anonymous_7)","decl":{"start":{"line":84,"column":57},"end":{"line":84,"column":58}},"loc":{"start":{"line":84,"column":70},"end":{"line":88,"column":25}},"line":84},"8":{"name":"(anonymous_8)","decl":{"start":{"line":103,"column":50},"end":{"line":103,"column":51}},"loc":{"start":{"line":103,"column":56},"end":{"line":103,"column":73}},"line":103}},"branchMap":{"0":{"loc":{"start":{"line":24,"column":8},"end":{"line":47,"column":9}},"type":"if","locations":[{"start":{"line":24,"column":8},"end":{"line":47,"column":9}},{"start":{"line":45,"column":15},"end":{"line":47,"column":9}}],"line":24}},"s":{"0":1,"1":2,"2":2,"3":2,"4":2,"5":0,"6":2,"7":2,"8":0,"9":0,"10":0,"11":0,"12":0,"13":0,"14":0,"15":0,"16":0,"17":0,"18":2,"19":0,"20":2,"21":0,"22":2,"23":4,"24":4,"25":0},"f":{"0":2,"1":0,"2":0,"3":0,"4":0,"5":0,"6":4,"7":4,"8":0},"b":{"0":[0,0]},"_coverageSchema":"1a1c01bbd47fc00a2c39e90264f33305004495a9","hash":"1d9c2fb08f389ad5648eb9fd15f0e9762ccbbc3a"}
}
