TN:
SF:src\pages\apps\TaskManagement\BusinessProcess.js
FN:6,(anonymous_0)
FN:18,(anonymous_1)
FN:22,(anonymous_2)
FN:25,(anonymous_3)
FN:49,(anonymous_4)
FN:52,(anonymous_5)
FN:68,(anonymous_6)
FN:84,(anonymous_7)
FN:103,(anonymous_8)
FNF:9
FNH:3
FNDA:2,(anonymous_0)
FNDA:0,(anonymous_1)
FNDA:0,(anonymous_2)
FNDA:0,(anonymous_3)
FNDA:0,(anonymous_4)
FNDA:0,(anonymous_5)
FNDA:4,(anonymous_6)
FNDA:4,(anonymous_7)
FNDA:0,(anonymous_8)
DA:6,1
DA:7,2
DA:12,2
DA:17,2
DA:18,2
DA:19,0
DA:21,2
DA:22,2
DA:23,0
DA:24,0
DA:25,0
DA:26,0
DA:27,0
DA:34,0
DA:39,0
DA:40,0
DA:42,0
DA:46,0
DA:49,2
DA:50,0
DA:52,2
DA:53,0
DA:56,2
DA:68,4
DA:84,4
DA:103,0
LF:26
LH:12
BRDA:24,0,0,0
BRDA:24,0,1,0
BRF:2
BRH:0
end_of_record
